This is pdfTeX, Version 3.1415926-2.5-1.40.14 (TeX Live 2013/Debian) (format=pdflatex 2014.11.29)  5 DEC 2014 23:39
entering extended mode
 restricted \write18 enabled.
 %&-line parsing enabled.
**problem.tex
(./problem.tex
LaTeX2e <2011/06/27>
Babel <3.9h> and hyphenation patterns for 78 languages loaded.
(/usr/share/texlive/texmf-dist/tex/latex/base/article.cls
Document Class: article 2007/10/19 v1.4h Standard LaTeX document class
(/usr/share/texlive/texmf-dist/tex/latex/base/size10.clo
File: size10.clo 2007/10/19 v1.4h Standard LaTeX file (size option)
)
\c@part=\count79
\c@section=\count80
\c@subsection=\count81
\c@subsubsection=\count82
\c@paragraph=\count83
\c@subparagraph=\count84
\c@figure=\count85
\c@table=\count86
\abovecaptionskip=\skip41
\belowcaptionskip=\skip42
\bibindent=\dimen102
) (./problem.aux)
\openout1 = `problem.aux'.

LaTeX Font Info:    Checking defaults for OML/cmm/m/it on input line 4.
LaTeX Font Info:    ... okay on input line 4.
LaTeX Font Info:    Checking defaults for T1/cmr/m/n on input line 4.
LaTeX Font Info:    ... okay on input line 4.
LaTeX Font Info:    Checking defaults for OT1/cmr/m/n on input line 4.
LaTeX Font Info:    ... okay on input line 4.
LaTeX Font Info:    Checking defaults for OMS/cmsy/m/n on input line 4.
LaTeX Font Info:    ... okay on input line 4.
LaTeX Font Info:    Checking defaults for OMX/cmex/m/n on input line 4.
LaTeX Font Info:    ... okay on input line 4.
LaTeX Font Info:    Checking defaults for U/cmr/m/n on input line 4.
LaTeX Font Info:    ... okay on input line 4.
LaTeX Font Info:    External font `cmex10' loaded for size
(Font)              <12> on input line 5.
LaTeX Font Info:    External font `cmex10' loaded for size
(Font)              <8> on input line 5.
LaTeX Font Info:    External font `cmex10' loaded for size
(Font)              <6> on input line 5.


LaTeX Warning: No \author given.

Missing character: There is no ‚ in font cmbx10!
Missing character: There is no Ä in font cmbx10!
Missing character: There is no ¢ in font cmbx10!
Missing character: There is no ‚ in font cmr10!
Missing character: There is no Ä in font cmr10!
Missing character: There is no ì in font cmr10!
Missing character: There is no ‚ in font cmbx10!
Missing character: There is no Ä in font cmbx10!
Missing character: There is no ¢ in font cmbx10!
LaTeX Font Info:    External font `cmex10' loaded for size
(Font)              <7> on input line 14.
LaTeX Font Info:    External font `cmex10' loaded for size
(Font)              <5> on input line 14.
Missing character: There is no ‚ in font cmbx10!
Missing character: There is no Ä in font cmbx10!
Missing character: There is no ¢ in font cmbx10!
Missing character: There is no ‚ in font cmbx10!
Missing character: There is no Ä in font cmbx10!
Missing character: There is no ¢ in font cmbx10!
[1

{/var/lib/texmf/fonts/map/pdftex/updmap/pdftex.map}]
Missing character: There is no ‚ in font cmbx10!
Missing character: There is no Ä in font cmbx10!
Missing character: There is no ¢ in font cmbx10!
Missing character: There is no ‚ in font cmr10!
Missing character: There is no Ä in font cmr10!
Missing character: There is no ú in font cmr10!
Missing character: There is no ‚ in font cmr10!
Missing character: There is no Ä in font cmr10!
Missing character: There is no ù in font cmr10!
Missing character: There is no ‚ in font cmr10!
Missing character: There is no Ä in font cmr10!
Missing character: There is no ú in font cmr10!
Missing character: There is no ‚ in font cmr10!
Missing character: There is no Ä in font cmr10!
Missing character: There is no ù in font cmr10!
Missing character: There is no ‚ in font cmbx10!
Missing character: There is no Ä in font cmbx10!
Missing character: There is no ¢ in font cmbx10!

Underfull \hbox (badness 10000) in paragraph at lines 30--39

 []


Underfull \hbox (badness 10000) in paragraph at lines 41--43

 []

Missing character: There is no ‚ in font cmbx10!
Missing character: There is no Ä in font cmbx10!
Missing character: There is no ¢ in font cmbx10!
[2] (./problem.aux) ) 
Here is how much of TeX's memory you used:
 231 strings out of 493304
 2478 string characters out of 6139870
 55880 words of memory out of 5000000
 3765 multiletter control sequences out of 15000+600000
 7588 words of font info for 27 fonts, out of 8000000 for 9000
 957 hyphenation exceptions out of 8191
 23i,6n,17p,1104b,193s stack positions out of 5000i,500n,10000p,200000b,80000s
</usr/share/texlive/texmf-dist/fonts/type1/public/amsfonts
/cm/cmbx12.pfb></usr/share/texlive/texmf-dist/fonts/type1/public/amsfonts/cm/cm
r10.pfb></usr/share/texlive/texmf-dist/fonts/type1/public/amsfonts/cm/cmr17.pfb
></usr/share/texlive/texmf-dist/fonts/type1/public/amsfonts/cm/cmsy10.pfb>
Output written on problem.pdf (2 pages, 52513 bytes).
PDF statistics:
 27 PDF objects out of 1000 (max. 8388607)
 18 compressed objects within 1 object stream
 0 named destinations out of 1000 (max. 500000)
 1 words of extra memory for PDF output out of 10000 (max. 10000000)

