Case #1: 1
^
Case #2: ^
2 Case #3: >v
^<
Case #4: 3
...
.^.
Case #5: ...
1 1
Case #6: .
4 4
Case #7: .>>>
>...
>...
Case #8: .>>>
4 4
Case #9: .>>.
^..v
^..v
Case #10: .<<.
4 4
Case #11: >>>.
^..v
^..v
Case #12: ^<<.
4 4
Case #13: >>>v
^<<<
^...
Case #14: ^<<<
4 4
Case #15: >>v<
..v.
..v.
Case #16: ^<<.
4 4
Case #17: .^^.
^..^
^^^^
Case #18: ^..^
4 4
Case #19: ^..^
<^^>
<..>
Case #20: v..v
4 1
Case #21: .
^
v
Case #22: .
4 4
Case #23: vvvv
vvvv
vvvv
Case #24: vvvv
4 4
Case #25: .v..
...<
>...
Case #26: ..^.
4 1
Case #27: <
.
.
Case #28: <
1 2
Case #29: ^>
4 4
Case #30: >.vv
.>..
.^<.
Case #31: ^..<
2 3
Case #32: v..
v.^
4 Case #33: >>>v
^v<v
^>^v
^<<<
Case #34: 4
<>>^
<><<
<vvv
Case #35: vv..
4 4
>><>
Case #36: >v^v
v>^>
^<>^
3 Case #37: ..
..
Case #38: ..
4 Case #39: <^<<
^>>>
<<<<
v<<v
Case #40: 1
>
v
Case #41: ^
4 4
Case #42: >v<^
<v>^
<v>^
Case #43: v^vv
1 4
Case #44: <v<.
4 4
Case #45: ><^>
vvv>
^vv>
Case #46: <>v^
1 4
Case #47: ...>
4 2
Case #48: ^^
<<
>>
Case #49: vv
4 4
Case #50: <vv>
>v>>
vv><
Case #51: <>>^
4 4
Case #52: >^v^
v>v<
v^^^
Case #53: vvv>
4 4
Case #54: .vv.
vvvv
.vv.
Case #55: v..v
4 4
Case #56: >vv<
^vv^
^vv^
Case #57: ^<>^
4 4
Case #58: v<v>
>v>>
>v><
Case #59: ^v<^
3 3
Case #60: .^.
<.>
.v.
Case #61: 1
^
.
v
Case #62: v
4 4
>><>
Case #63: >^v>
^v<<
v<^^
4 Case #64: ^^^^
<^>>
<<v>
vvvv
Case #65: 2
>>
.>
Case #66: .v
4 1
Case #67: <
>
<
Case #68: >
3 3
Case #69: ^.>
>><
.>.
Case #70: 1
Case #71: ^
Case #72: 4
<v^>
^>><
vv><
Case #73: v^<<
2 3
v<v
Case #74: v>.
4 4
vv<>
Case #75: >><>
^v<<
v^^>
2 Case #76: .<
>.
Case #77: 2
<^
Case #78: v>
4 Case #79: ^<^<
v^^<
^<^v
<v<^
Case #80: 3
.<<
Case #81: <^<
1 Case #82: v>>
3 4
Case #83: <vv.
<v.v
.>^>
Case #84: 3
Case #85: >^.
Case #86: 4
<>v<
^^<<
v^<>
Case #87: <><v
3 3
<.>
Case #88: <.>
<.>
1 3
Case #89: v<v
4 4
v<<>
Case #90: <>>^
^>^v
^v><
4 Case #91: >..<
.><.
.<>.
<..>
Case #92: 4
^vv^
>..<
>..<
Case #93: v^^v
4 4
....
Case #94: ....
....
...>
4 Case #95: >vv<
^<>^
v<>v
>^^<
Case #96: 4
Case #97: ^v^v
Case #98: 4
v<vv
v^v>
<<v>
Case #99: v><<
3 3
>.<
Case #100: ...
<.>
4 4
